09/21/2023 11:23:30 AM Walk begins
09/21/2023 11:23:30 AM Begin walk() iteration for container 1
09/21/2023 11:23:32 AM Connection successful
09/21/2023 11:23:32 AM Laser8 set as default db
09/21/2023 11:23:32 AM SQL = SELECT tocid, etype FROM toc WHERE parentid = 1  ORDER BY tocid asc;
09/21/2023 11:23:32 AM Cursor instantiated
09/21/2023 11:23:32 AM SQL executed
09/21/2023 11:23:32 AM Tree row fetched
09/21/2023 11:23:32 AM Begin walk() iteration for container 6
09/21/2023 11:23:33 AM Connection successful
09/21/2023 11:23:33 AM Laser8 set as default db
09/21/2023 11:23:33 AM SQL = SELECT tocid, etype FROM toc WHERE parentid = 6  ORDER BY tocid asc;
09/21/2023 11:23:33 AM Cursor instantiated
09/21/2023 11:23:33 AM SQL executed
09/21/2023 11:23:33 AM Tree row fetched
09/21/2023 11:23:33 AM Begin walk() iteration for container 7
09/21/2023 11:23:34 AM Connection successful
09/21/2023 11:23:34 AM Laser8 set as default db
09/21/2023 11:23:34 AM SQL = SELECT tocid, etype FROM toc WHERE parentid = 7  ORDER BY tocid asc;
09/21/2023 11:23:34 AM Cursor instantiated
09/21/2023 11:23:34 AM SQL executed
09/21/2023 11:23:34 AM Tree row fetched
09/21/2023 11:23:34 AM Begin walk() iteration for container 3568
09/21/2023 11:23:35 AM Connection successful
09/21/2023 11:23:35 AM Laser8 set as default db
09/21/2023 11:23:35 AM SQL = SELECT tocid, etype FROM toc WHERE parentid = 3568  ORDER BY tocid asc;
09/21/2023 11:23:35 AM Cursor instantiated
09/21/2023 11:23:35 AM SQL executed
09/21/2023 11:23:35 AM Tree row fetched
09/21/2023 11:23:35 AM Begin walk() iteration for container 3569
09/21/2023 11:23:36 AM Connection successful
09/21/2023 11:23:36 AM Laser8 set as default db
09/21/2023 11:23:36 AM SQL = SELECT tocid, etype FROM toc WHERE parentid = 3569  ORDER BY tocid asc;
09/21/2023 11:23:36 AM Cursor instantiated
09/21/2023 11:23:36 AM SQL executed
09/21/2023 11:23:36 AM Tree row fetched
09/21/2023 11:23:36 AM Begin walk() iteration for container 3570
09/21/2023 11:23:37 AM Connection successful
09/21/2023 11:23:37 AM Laser8 set as default db
09/21/2023 11:23:37 AM SQL = SELECT tocid, etype FROM toc WHERE parentid = 3570  ORDER BY tocid asc;
09/21/2023 11:23:37 AM Cursor instantiated
09/21/2023 11:23:37 AM SQL executed
09/21/2023 11:23:37 AM Tree row fetched
09/21/2023 11:23:37 AM Getting file paths for tocid = 3571
09/21/2023 11:23:38 AM Connection successful
09/21/2023 11:23:38 AM Cursor instantiated
09/21/2023 11:23:38 AM SQL executed
